400
52534
6894
1724
7667
1772
7789
1636
7521
1806
7177
1780
7548
1846
8508
1925
8097
1861
8219
1865
8036
1855
8442
1816
9362
1758
11454
2862
1919
1699
8205
1665
8439
1573
8515
1518
8971
1534
10679
2126
1611
1233
9009
1915
1316
1145
9433
2111
1475
1269
8948
1863
1363
1103
8675
1977
1220
1212
7420
1320
8707
2318
1386
1425
6725
1450
7036
1453
6832
1529
7535
2427
1523
1462
6132
1541
7010
1705
7844
1737
7840
1918
8167
2059
8313
1977
8184
1885
8610
1830
9049
1802
8576
1833
7457
1623
8240
1875
7863
1721
6556
1534
6337
1651
6511
1434
6128
1602
6701
1567
6049
1369
5890
1349
5797
1578
5456
1469
5581
1530
5841
1738
7216
1958
7964
2322
8725
2386
9147
2712
9018
2693
8905
2672
8798
2889
9321
2986
9378
2864
9679
3034
9879
3102
10295
3207
10576
3163
10179
2906
10094
2761
9544
2425
9587
2179
9493
1987
8365
1795
6708
1525
7509
1793
7833
1565
7082
1627
6745
1491
6338
1376
6601
1481
8291
2631
1585
1496
7056
1792
7596
1794
7875
2002
8239
2245
8579
2412
9089
2413
9413
2381
9090
2559
8915
2360
9315
2316
9111
2290
9059
2212
9122
2164
9339
1847
12190
2780
1954
1609
10841
2424
1670
1429
9917
2467
1605
1434
10782
2543
1739
1488
9159
2298
1443
1372
8545
2016
1324
1270
9108
2332
1471
1411
7783
2178
1425
1463
6646
1444
8910
2668
1650
1598
7493
1806
8679
1955
8798
1885
2380
75442
6003
1717
7068
1920
7297
2176
6907
1999
7531
2031
7773
2163
8425
2017
8177
1929
7809
1837
7346
1899
6867
1673
6197
1434
6655
1555
7317
1539
7167
2032
1581
1523
6123
1438
7338
2029
1571
1298
7664
2461
1507
1605
7692
2001
8239
1961
7709
1867
8428
2150
8509
2420
8875
2435
8271
2310
8186
2130
7875
1928
7937
2036
7986
1961
8166
1880
7944
1752
7796
1751
7663
1767
7425
1833
7096
1605
7217
1566
7078
1504
6888
1378
6967
1570
6713
1581
7524
1461
7771
1654
7019
1510
6649
1338
6799
1352
6961
1433
7362
1521
7242
1406
7429
1803
8100
1977
8066
1918
8157
2036
7865
1956
7601
1709
7302
1912
7607
1794
7332
1730
6908
1616
6747
1572
6888
1745
6849
1628
6943
1793
7071
1593
7240
1535
7371
1476
7616
1485
7447
1431
7718
1360
8104
2220
1619
1389
6676
1548
7678
